[2026-04-19T13:11:13.000Z] Ошибка отправки письма на admin@example.com (тема: Новый заказ №100001 на сайте)
Error: Invalid login: 535 5.7.8 Error: authentication failed: Invalid user or password! 1776604144-39QkCsASmqM0

[2026-04-19T13:11:13.021Z] Ошибка отправки письма на test@test.test (тема: Ваш заказ №100001 принят)
Error: Invalid login: 535 5.7.8 Error: authentication failed: Invalid user or password! 1776604144-39Qb4WxS5Cg0

[2026-04-19T13:13:39.847Z] Ошибка отправки письма на admin@example.com (тема: Новый заказ №100002 на сайте)
Error: Invalid login: 535 5.7.8 Error: authentication failed: Invalid user or password! 1776604291-UBQEoLBT7iE0

[2026-04-19T13:13:39.863Z] Ошибка отправки письма на test@test.test (тема: Ваш заказ №100002 принят)
Error: Invalid login: 535 5.7.8 Error: authentication failed: Invalid user or password! 1776604291-UBQmrCASsqM0

[2026-04-19T13:32:19.648Z] Ошибка отправки письма на valera.biven@borrow.zhmih (тема: Ваш заказ №100003 принят)
Error: Invalid login: 535 5.7.8 Error: authentication failed: Invalid user or password! 1776605410-AUQeijCRjmI0

[2026-04-19T13:32:19.664Z] Ошибка отправки письма на admin@example.com (тема: Новый заказ №100003 на сайте)
Error: Invalid login: 535 5.7.8 Error: authentication failed: Invalid user or password! 1776605410-AUQDmbCTuSw0

[2026-04-20T15:10:23.502Z] Ошибка отправки письма на ivan.pust2@gmail.com (тема: Ваш заказ №100004 принят)
Error: Invalid login: 535 5.7.8 Error: authentication failed: Invalid user or password! 1776697695-E8To8I0SAGk0

[2026-04-20T15:10:23.520Z] Ошибка отправки письма на admin@example.com (тема: Новый заказ №100004 на сайте)
Error: Invalid login: 535 5.7.8 Error: authentication failed: Invalid user or password! 1776697695-E8TnrE0R7eA0

[2026-04-20T15:11:06.827Z] Ошибка отправки письма на admin@example.com (тема: Новый заказ №100005 на сайте)
Error: Invalid login: 535 5.7.8 Error: authentication failed: Invalid user or password! 1776697738-w8TAgH0SOSw0

[2026-04-20T15:11:06.849Z] Ошибка отправки письма на ivan.pust2@gmail.com (тема: Ваш заказ №100005 принят)
Error: Invalid login: 535 5.7.8 Error: authentication failed: Invalid user or password! 1776697738-w8T6MG0RBW20

[2026-04-21T10:48:03.032Z] Ошибка отправки письма на admin@example.com (тема: Новый заказ №100006 на сайте)
Error: Invalid login: 535 5.7.8 Error: authentication failed: Invalid user or password! 1776768485-5mPuMC7SDSw0

[2026-04-21T10:48:03.044Z] Ошибка отправки письма на ventalpt@gmail.com (тема: Ваш заказ №100006 принят)
Error: Invalid login: 535 5.7.8 Error: authentication failed: Invalid user or password! 1776768485-5mPeBu8Qs0U0

