[2026-04-19T17:52:31.224Z] Импорт CSV завершён. Создано: 0, обновлено: 149, ошибок: 0
-----------------------------------
[2026-04-19T17:52:39.472Z] Импорт CSV завершён. Создано: 0, обновлено: 149, ошибок: 0
-----------------------------------
[2026-04-20T17:28:19.523Z] Успешный вход: ivan.pust2@gmail.com
{
  "ip": "::1"
}
-----------------------------------
[2026-04-20T17:28:25.214Z] Успешный вход: ivan.pust2@gmail.com
{
  "ip": "::1"
}
-----------------------------------
[2026-04-20T17:30:32.064Z] Успешный вход: ivan.pust2@gmail.com
{
  "ip": "::1"
}
-----------------------------------
[2026-04-20T17:30:49.412Z] Успешный вход: ivan.pust2@gmail.com
{
  "ip": "::1"
}
-----------------------------------
[2026-04-20T17:32:46.712Z] Успешный вход: ivan.pust2@gmail.com
{
  "ip": "::1"
}
-----------------------------------
[2026-04-21T07:27:14.092Z] Успешный вход: ivan.pust2@gmail.com
{
  "ip": "::1"
}
-----------------------------------
[2026-04-21T07:27:55.306Z] Успешный вход: ivan.pust2@gmail.com
{
  "ip": "::1"
}
-----------------------------------
[2026-04-21T07:31:28.863Z] Успешный вход: ivan.pust2@gmail.com
{
  "ip": "::1"
}
-----------------------------------
[2026-04-21T07:31:50.191Z] Успешный вход: ivan.pust2@gmail.com
{
  "ip": "::1"
}
-----------------------------------
[2026-04-21T07:38:22.731Z] Успешный вход: Ventalpt@gmail.com
{
  "ip": "::1"
}
-----------------------------------
[2026-04-21T14:18:25.376Z] Импорт CSV завершён. Создано: 0, обновлено: 149, ошибок: 0
-----------------------------------
[2026-04-21T14:21:19.567Z] Импорт CSV завершён. Создано: 0, обновлено: 149, ошибок: 0
-----------------------------------
[2026-04-21T14:22:51.896Z] Импорт CSV завершён. Создано: 0, обновлено: 149, ошибок: 0
-----------------------------------
[2026-04-21T14:27:06.969Z] Импорт CSV завершён. Создано: 0, обновлено: 149, ошибок: 0
-----------------------------------
[2026-04-21T14:29:15.588Z] Импорт CSV завершён. Создано: 0, обновлено: 149, ошибок: 0
-----------------------------------
[2026-04-21T14:31:26.097Z] Импорт CSV завершён. Создано: 0, обновлено: 149, ошибок: 0
-----------------------------------
[2026-04-21T14:33:49.868Z] Импорт CSV завершён. Создано: 0, обновлено: 149, ошибок: 0
-----------------------------------
[2026-04-21T14:34:54.594Z] Импорт CSV завершён. Создано: 0, обновлено: 149, ошибок: 0
-----------------------------------
[2026-04-21T16:08:16.454Z] Импорт CSV завершён. Создано: 0, обновлено: 0, ошибок: 149
-----------------------------------
[2026-04-21T16:09:21.542Z] Импорт CSV завершён. Создано: 0, обновлено: 0, ошибок: 149
-----------------------------------
[2026-04-21T16:29:33.615Z] Создана новая категория: DnD
-----------------------------------
[2026-04-21T16:29:35.140Z] Создана новая категория: Базы/подставки
-----------------------------------
[2026-04-21T16:29:41.127Z] Создана новая категория: Trench Crusade
-----------------------------------
[2026-04-21T16:29:51.289Z] Импорт CSV завершён. Создано: 0, обновлено: 149, ошибок: 0
-----------------------------------
[2026-04-21T16:44:54.249Z] Импорт CSV завершён. Создано: 0, обновлено: 149, ошибок: 0
-----------------------------------
[2026-04-22T17:16:33.932Z] Создана новая категория: dnd
-----------------------------------
[2026-04-22T17:16:34.806Z] Создана новая категория: universal
-----------------------------------
[2026-04-22T17:16:40.190Z] Создана новая категория: tc
-----------------------------------
[2026-04-22T17:16:49.778Z] Импорт CSV завершён. Создано: 149, обновлено: 0, ошибок: 0
-----------------------------------
[2026-04-24T10:51:56.615Z] Успешный вход: heroic.lab@yandex.ru
{
  "ip": "::1"
}
-----------------------------------
[2026-04-24T11:24:50.721Z] Успешный вход: heroic.lab@yandex.ru
{
  "ip": "::1"
}
-----------------------------------
[2026-04-24T11:25:01.335Z] Статус заказа №100001 изменён на in_delivery
{
  "adminId": "228",
  "orderId": "cmoctluj100077hvpr69x1oi0",
  "newStatus": "in_delivery"
}
-----------------------------------
[2026-04-24T11:25:34.415Z] Статус заказа №100001 изменён на delivered
{
  "adminId": "228",
  "orderId": "cmoctluj100077hvpr69x1oi0",
  "newStatus": "delivered"
}
-----------------------------------
[2026-04-24T11:25:35.651Z] Статус заказа №100001 изменён на shipped
{
  "adminId": "228",
  "orderId": "cmoctluj100077hvpr69x1oi0",
  "newStatus": "shipped"
}
-----------------------------------
[2026-04-24T11:41:53.160Z] Статус заказа №100001 изменён на in_delivery
{
  "adminId": "228",
  "orderId": "cmoctluj100077hvpr69x1oi0",
  "newStatus": "in_delivery"
}
-----------------------------------
[2026-04-24T11:41:54.281Z] Статус заказа №100001 изменён на processing
{
  "adminId": "228",
  "orderId": "cmoctluj100077hvpr69x1oi0",
  "newStatus": "processing"
}
-----------------------------------
[2026-04-24T11:41:55.082Z] Статус заказа №100001 изменён на in_delivery
{
  "adminId": "228",
  "orderId": "cmoctluj100077hvpr69x1oi0",
  "newStatus": "in_delivery"
}
-----------------------------------
[2026-04-24T11:41:56.913Z] Статус заказа №100001 изменён на shipped
{
  "adminId": "228",
  "orderId": "cmoctluj100077hvpr69x1oi0",
  "newStatus": "shipped"
}
-----------------------------------
[2026-04-24T11:41:57.911Z] Статус заказа №100001 изменён на delivered
{
  "adminId": "228",
  "orderId": "cmoctluj100077hvpr69x1oi0",
  "newStatus": "delivered"
}
-----------------------------------
[2026-04-24T11:53:56.824Z] Успешный вход: heroic.lab@yandex.ru
{
  "ip": "::1"
}
-----------------------------------
[2026-04-24T12:52:58.066Z] Успешный вход: heroic.lab@yandex.ru
{
  "ip": "::1"
}
-----------------------------------
[2026-04-24T15:06:51.978Z] Успешный вход: heroic.lab@yandex.ru
{
  "ip": "::1"
}
-----------------------------------
[2026-04-24T15:07:18.204Z] Статус заказа №100003 изменён на in_delivery
{
  "adminId": "228",
  "orderId": "cmod1i8i70001t8u97gj63fj9",
  "newStatus": "in_delivery"
}
-----------------------------------
[2026-04-24T15:07:19.526Z] Статус заказа №100003 изменён на shipped
{
  "adminId": "228",
  "orderId": "cmod1i8i70001t8u97gj63fj9",
  "newStatus": "shipped"
}
-----------------------------------
[2026-04-24T15:07:20.738Z] Статус заказа №100003 изменён на delivered
{
  "adminId": "228",
  "orderId": "cmod1i8i70001t8u97gj63fj9",
  "newStatus": "delivered"
}
-----------------------------------
[2026-04-27T15:38:15.361Z] Успешный вход: heroic.lab@yandex.ru
{
  "ip": "::1"
}
-----------------------------------
{"timestamp":"2026-04-29T13:04:51.455Z","level":"INFO","message":"Импорт CSV завершён. Создано: 0, обновлено: 149, ошибок: 0"}
{"timestamp":"2026-04-30T09:53:59.253Z","level":"INFO","message":"Успешный вход: heroic.lab@yandex.ru","ip":"::1"}
{"timestamp":"2026-04-30T09:54:21.994Z","level":"INFO","message":"Импорт CSV завершён. Создано: 0, обновлено: 149, ошибок: 0"}
{"timestamp":"2026-04-30T14:01:26.465Z","level":"INFO","message":"Статус заказа №100002 изменён на delivered","adminId":"228","orderId":"cmocud92q000derklj3ilgp92","newStatus":"delivered"}
{"timestamp":"2026-04-30T14:01:28.004Z","level":"INFO","message":"Статус заказа №100004 изменён на delivered","adminId":"228","orderId":"cmohfacap0015ijw8ffijs6b0","newStatus":"delivered"}
{"timestamp":"2026-04-30T16:09:19.190Z","level":"INFO","message":"Успешный вход: heroic.lab@yandex.ru","ip":"::1"}
{"timestamp":"2026-04-30T16:21:39.969Z","level":"INFO","message":"Успешный вход: valerabiven@borrow.zhmih","ip":"::1"}
{"timestamp":"2026-04-30T16:21:42.357Z","level":"INFO","message":"Успешный вход: valerabiven@borrow.zhmih","ip":"::1"}
{"timestamp":"2026-04-30T16:21:43.446Z","level":"INFO","message":"Успешный вход: valerabiven@borrow.zhmih","ip":"::1"}
{"timestamp":"2026-04-30T16:40:12.625Z","level":"INFO","message":"Успешный вход: heroic.lab@yandex.ru","ip":"::1"}
{"timestamp":"2026-04-30T16:45:59.658Z","level":"INFO","message":"Успешный вход: valerabiven@borrow.zhmih","ip":"::1"}
{"timestamp":"2026-04-30T16:46:15.013Z","level":"INFO","message":"Успешный вход: heroic.lab@yandex.ru","ip":"::1"}
{"timestamp":"2026-04-30T16:49:51.325Z","level":"INFO","message":"Успешный вход: ivan.pust2@gmail.com","ip":"::1"}
{"timestamp":"2026-04-30T16:57:56.823Z","level":"INFO","message":"Успешный вход: ivan.pust2@gmail.com","ip":"::1"}
{"timestamp":"2026-04-30T16:58:18.460Z","level":"INFO","message":"Успешный вход: ivan.pust2@gmail.com","ip":"::1"}
{"timestamp":"2026-04-30T17:05:48.546Z","level":"INFO","message":"Успешный вход: ivan.pust2@gmail.com","ip":"::1"}
{"timestamp":"2026-04-30T17:25:09.345Z","level":"INFO","message":"Успешный вход: heroic.lab@yandex.ru","ip":"::1"}
{"timestamp":"2026-04-30T17:25:16.645Z","level":"INFO","message":"Успешный вход: heroic.lab@yandex.ru","ip":"::1"}
{"timestamp":"2026-04-30T17:26:02.011Z","level":"INFO","message":"Успешный вход: heroic.lab@yandex.ru","ip":"::1"}
{"timestamp":"2026-05-01T08:50:55.010Z","level":"INFO","message":"Импорт CSV завершён. Создано: 0, обновлено: 149, ошибок: 0"}
{"timestamp":"2026-05-01T12:13:58.467Z","level":"INFO","message":"Успешный вход: Ventalpt@gmail.com","ip":"::ffff:10.0.0.101"}
{"timestamp":"2026-05-14T16:26:29.937Z","level":"INFO","message":"Импорт CSV завершён. Создано: 0, обновлено: 149, ошибок: 0"}
{"timestamp":"2026-05-14T16:36:37.535Z","level":"INFO","message":"Импорт CSV завершён. Создано: 0, обновлено: 149, ошибок: 0"}
{"timestamp":"2026-05-17T15:04:28.665Z","level":"INFO","message":"Импорт CSV завершён. Создано: 0, обновлено: 149, ошибок: 0"}
{"timestamp":"2026-05-17T16:15:18.116Z","level":"INFO","message":"Успешный вход: Ventalpt@gmail.com","ip":"::ffff:10.0.0.108"}
{"timestamp":"2026-05-17T16:16:00.444Z","level":"INFO","message":"Успешный вход: Ventalpt@gmail.com","ip":"::ffff:10.0.0.101"}
